[35.003662109] 2024-07-10 18:10:08,918 - INFO - launcher: Bắt đầu kiểm tra mã nguồn.
[35.003662109] 2024-07-10 18:10:08,918 - INFO - launcher: Kiểm tra phiên bản Python
[35.003662109] 2024-07-10 18:10:08,918 - INFO - launcher: Kiểm tra mã hóa bảng điều khiển
[35.003662109] 2024-07-10 18:10:08,918 - INFO - launcher: Đặt mã hóa bảng điều khiển thành UTF-8
[35.003662109] 2024-07-10 18:10:08,918 - INFO - launcher: Đảm bảo rằng chúng ta đang ở trong môi trường đúng
[36.507844925] 2024-07-10 18:10:08,919 - INFO - launcher: Thêm thư mục cục bộ bins/folder vào đường dẫn
[523.395776749] 2024-07-10 18:10:09,406 - INFO - launcher: Các kiểm tra cần thiết đã thành công !!!
[524.396181107] 2024-07-10 18:10:09,407 - INFO - launcher: Các kiểm tra tùy chọn đã thành công !!!
[524.396181107] 2024-07-10 18:10:09,407 - INFO - launcher: Di chuyển nhật ký DCS Music BOT cũ

######################### PRE-RUN SANITY CHECKS PASSED #########################

[0.8332734107971191] 2024-07-10 18:10:09,716 - WARNING - musicbot.config | In config.py::MainThread(41488), line 244 in run_checks: i18n file does not exist. Trying to fallback to config/i18n/vi.json.
[0.8332734107971191] 2024-07-10 18:10:09,716 - INFO - musicbot.config | In config.py::MainThread(41488), line 259 in run_checks: Using i18n: config/i18n/vi.json
[0.8332734107971191] 2024-07-10 18:10:09,716 - DEBUG - musicbot.bot | In bot.py::MainThread(41488), line 277 in _setup_logging: Đặt mức ghi nhật ký thành INFO
[0.8342735767364502] 2024-07-10 18:10:09,717 - DEBUG - musicbot.json | In json.py::MainThread(41488), line 9 in __init__: Init JSON obj with config/i18n/vi.json
[1.0198481082916260] 2024-07-10 18:10:09,902 - INFO - musicbot.bot | In bot.py::MainThread(41488), line 98 in __init__: Khởi động DCS Music BOT
[1.0208470821380615] 2024-07-10 18:10:09,903 - INFO - musicbot.bot | In bot.py::MainThread(41488), line 104 in __init__: Đã tải danh sách tự động phát có 1 mục nhập
[1.0208470821380615] 2024-07-10 18:10:09,903 - WARNING - musicbot.bot | In bot.py::MainThread(41488), line 153 in _doBotInit: Cấu hình không có thông tin xác thực ứng dụng Spotify, đang cố gắng sử dụng chế độ khách.
[1.3920681476593018] 2024-07-10 18:10:10,275 - DEBUG - musicbot.spotify | In spotify.py::MainThread(41488), line 111 in get_token: Created a new guest access token: {'access_token': 'BQB7tWZXDFDq4jZXRz4zDFBM2IT5udlZprGpGgjRKvNSy4W8U-Yl2RYcTNhMg6_6oa5Az4RNhd_QJSJz0mJ8CvdqFxoVSunlwXGCnmPvl4-mNhNKGLw', 'expires_at': 1720613116.791}
[1.3920681476593018] 2024-07-10 18:10:10,275 - INFO - musicbot.bot | In bot.py::MainThread(41488), line 164 in _doBotInit: Đã xác thực thành công với Spotify bằng chế độ khách.
[5.7160279750823975] 2024-07-10 18:10:14,599 - DEBUG - musicbot.bot | In bot.py::MainThread(41488), line 1054 in on_ready: Connection established, ready to go.
[5.7160279750823975] 2024-07-10 18:10:14,599 - DEBUG - musicbot.bot | In bot.py::MainThread(41488), line 426 in _cache_app_info: Caching app info
[6.0845975875854492] 2024-07-10 18:10:14,967 - DEBUG - musicbot.bot | In bot.py::MainThread(41488), line 874 in _scheck_ensure_env: Ensuring data folders exist
[6.1271202564239502] 2024-07-10 18:10:15,010 - DEBUG - musicbot.bot | In bot.py::MainThread(41488), line 889 in _scheck_server_permissions: Checking server permissions
[6.1271202564239502] 2024-07-10 18:10:15,010 - DEBUG - musicbot.bot | In bot.py::MainThread(41488), line 893 in _scheck_autoplaylist: Auditing autoplaylist
[6.1271202564239502] 2024-07-10 18:10:15,010 - DEBUG - musicbot.bot | In bot.py::MainThread(41488), line 897 in _scheck_configs: Validating config
[6.1271202564239502] 2024-07-10 18:10:15,010 - DEBUG - musicbot.config | In config.py::MainThread(41488), line 385 in async_validate: Validating options...
[6.1271202564239502] 2024-07-10 18:10:15,010 - DEBUG - musicbot.config | In config.py::MainThread(41488), line 397 in async_validate: Acquired owner id via API
[6.1271202564239502] 2024-07-10 18:10:15,010 - DEBUG - musicbot.bot | In bot.py::MainThread(41488), line 900 in _scheck_configs: Validating permissions config
[6.1271202564239502] 2024-07-10 18:10:15,010 - DEBUG - musicbot.permissions | In permissions.py::MainThread(41488), line 112 in async_validate: Validating permissions...
[6.1271202564239502] 2024-07-10 18:10:15,010 - DEBUG - musicbot.permissions | In permissions.py::MainThread(41488), line 116 in async_validate: Fixing automatic owner group
[6.1271202564239502] 2024-07-10 18:10:15,010 - INFO - musicbot.bot | In bot.py::MainThread(41488), line 1068 in on_ready: Đã kết nối: 1209077190856155186/DCS Music BOT#4873
[6.1341216564178467] 2024-07-10 18:10:15,017 - INFO - musicbot.bot | In bot.py::MainThread(41488), line 1076 in on_ready: Chủ sở hữu: 711115131064549498/august_31st#0

[6.2006280422210693] 2024-07-10 18:10:15,083 - INFO - musicbot.bot | In bot.py::MainThread(41488), line 1082 in on_ready: Danh sách nhóm:
[6.2341387271881104] 2024-07-10 18:10:15,117 - INFO - musicbot.bot | In bot.py::MainThread(41488), line 1086 in on_ready:  - CF4VN
[6.2506453990936279] 2024-07-10 18:10:15,133 - INFO - musicbot.bot | In bot.py::MainThread(41488), line 1086 in on_ready:  - Developer Creative Server
[6.2726442813873291] 2024-07-10 18:10:15,155 - INFO - musicbot.bot | In bot.py::MainThread(41488), line 1086 in on_ready:  - Thư viện học tập
[6.3426585197448730] 2024-07-10 18:10:15,225 - INFO - musicbot.bot | In bot.py::MainThread(41488), line 1086 in on_ready:  - test
[6.3776607513427734] 2024-07-10 18:10:15,260 - INFO - musicbot.bot | In bot.py::MainThread(41488), line 1086 in on_ready:  - [GTA 5]  VietNam Capital II
[6.3796644210815430] 2024-07-10 18:10:15,262 - INFO - musicbot.bot | In bot.py::MainThread(41488), line 1159 in on_ready: Không liên kết với bất kỳ kênh văn bản nào
[6.3796644210815430] 2024-07-10 18:10:15,262 - INFO - musicbot.bot | In bot.py::MainThread(41488), line 1195 in on_ready: Không tự động tham gia bất kỳ kênh thoại nào.
[6.3816614151000977] 2024-07-10 18:10:15,264 - INFO - musicbot.bot | In bot.py::MainThread(41488), line 326 in _join_startup_channels: Đã tìm thấy kênh thoại có thể tiếp tục Developer Creative Server | Thư giãn não sau khi code
[6.3816614151000977] 2024-07-10 18:10:15,264 - INFO - musicbot.bot | In bot.py::MainThread(41488), line 336 in _join_startup_channels: Đã tìm thấy chủ sở hữu BOT ở kênh #Thư giãn não sau khi code
[6.3846595287322998] 2024-07-10 18:10:15,267 - INFO - musicbot.bot | In bot.py::MainThread(41488), line 347 in _join_startup_channels: Đang cố gắng tham gia Developer Creative Server | Thư giãn não sau khi code
[7.1291930675506592] 2024-07-10 18:10:16,012 - DEBUG - musicbot.bot | In bot.py::MainThread(41488), line 835 in deserialize_queue: Deserializing queue for 1208747973195075654
[7.1912028789520264] 2024-07-10 18:10:16,074 - DEBUG - musicbot.bot | In bot.py::MainThread(41488), line 516 in get_player: Created player via deserialization for guild 1208747973195075654 with 0 entries
[7.1912028789520264] 2024-07-10 18:10:16,074 - INFO - musicbot.bot | In bot.py::MainThread(41488), line 371 in _join_startup_channels: Đã tham gia Developer Creative Server | Thư giãn não sau khi code
[7.2172024250030518] 2024-07-10 18:10:16,100 - DEBUG - musicbot.bot | In bot.py::MainThread(41488), line 656 in on_player_stop: Running on_player_stop
